??:??:?? **** Build of configuration Debug for project Section2Lab ****
make all 
Building file: ../main.c
Invoking: AVR Compiler
avr-gcc -Wall -g2 -gstabs -O0 -fpack-struct -fshort-enums -ffunction-sections -fdata-sections -std=gnu99 -funsigned-char -funsigned-bitfields -mmcu=atmega32 -DF_CPU=8000000UL -MMD -MP -MF"main.d" -MT"main.o" -c -o "main.o" "../main.c"
AllocationBase 0x0, BaseAddress 0x71540000, RegionSize 0x70000, State 0x10000
C:\WinAVR-20100110\utils\bin\sh.exe: *** Couldn't reserve space for cygwin's heap, Win32 error 0
make: *** [main.o] Error 1
"make all" terminated with exit code 2. Build might be incomplete.
??:??:?? **** Incremental Build of configuration Debug for project Section2Lab ****
make all 
Building file: ../main.c
Invoking: AVR Compiler
avr-gcc -Wall -g2 -gstabs -O0 -fpack-struct -fshort-enums -ffunction-sections -fdata-sections -std=gnu99 -funsigned-char -funsigned-bitfields -mmcu=atmega32 -DF_CPU=8000000UL -MMD -MP -MF"main.d" -MT"main.o" -c -o "main.o" "../main.c"
AllocationBase 0x0, BaseAddress 0x71540000, RegionSize 0x70000, State 0x10000
C:\WinAVR-20100110\utils\bin\sh.exe: *** Couldn't reserve space for cygwin's heap, Win32 error 0
make: *** [main.o] Error 1
"make all" terminated with exit code 2. Build might be incomplete.
??:??:?? **** Incremental Build of configuration Debug for project Section2_Lab ****
make all 
Building file: ../LCD_Driver/lcd.c
Invoking: AVR Compiler
avr-gcc -gdwarf-2 -Wall -g2 -gdwarf-2 -O0 -fpack-struct -fshort-enums -ffunction-sections -fdata-sections -std=gnu99 -funsigned-char -funsigned-bitfields -mmcu=atmega16 -DF_CPU=1000000UL -MMD -MP -MF"LCD_Driver/lcd.d" -MT"LCD_Driver/lcd.o" -c -o "LCD_Driver/lcd.o" "../LCD_Driver/lcd.c"
AllocationBase 0x0, BaseAddress 0x71540000, RegionSize 0x70000, State 0x10000
C:\WinAVR-20100110\utils\bin\sh.exe: *** Couldn't reserve space for cygwin's heap, Win32 error 0
make: *** [LCD_Driver/lcd.o] Error 1
"make all" terminated with exit code 2. Build might be incomplete.
??:??:?? **** Incremental Build of configuration Debug for project Section2Lab ****
make all 
Building file: ../LCD_Driver/lcd.c
Invoking: AVR Compiler
avr-gcc -Wall -g2 -gstabs -O0 -fpack-struct -fshort-enums -ffunction-sections -fdata-sections -std=gnu99 -funsigned-char -funsigned-bitfields -mmcu=atmega32 -DF_CPU=8000000UL -MMD -MP -MF"LCD_Driver/lcd.d" -MT"LCD_Driver/lcd.o" -c -o "LCD_Driver/lcd.o" "../LCD_Driver/lcd.c"
AllocationBase 0x0, BaseAddress 0x71540000, RegionSize 0x70000, State 0x10000
C:\WinAVR-20100110\utils\bin\sh.exe: *** Couldn't reserve space for cygwin's heap, Win32 error 0
make: *** [LCD_Driver/lcd.o] Error 1
"make all" terminated with exit code 2. Build might be incomplete.
??:??:?? **** Incremental Build of configuration Debug for project Section2Lab ****
make all 
Building file: ../LCD_Driver/lcd.c
Invoking: AVR Compiler
avr-gcc -Wall -g2 -gstabs -O0 -fpack-struct -fshort-enums -ffunction-sections -fdata-sections -std=gnu99 -funsigned-char -funsigned-bitfields -mmcu=atmega32 -DF_CPU=8000000UL -MMD -MP -MF"LCD_Driver/lcd.d" -MT"LCD_Driver/lcd.o" -c -o "LCD_Driver/lcd.o" "../LCD_Driver/lcd.c"
AllocationBase 0x0, BaseAddress 0x71540000, RegionSize 0x70000, State 0x10000
C:\WinAVR-20100110\utils\bin\sh.exe: *** Couldn't reserve space for cygwin's heap, Win32 error 0
make: *** [LCD_Driver/lcd.o] Error 1
"make all" terminated with exit code 2. Build might be incomplete.
??:??:?? **** Incremental Build of configuration Debug for project Section2Lab ****
make all 
Building file: ../LCD_Driver/lcd.c
Invoking: AVR Compiler
avr-gcc -Wall -g2 -gstabs -O0 -fpack-struct -fshort-enums -ffunction-sections -fdata-sections -std=gnu99 -funsigned-char -funsigned-bitfields -mmcu=atmega32 -DF_CPU=8000000UL -MMD -MP -MF"LCD_Driver/lcd.d" -MT"LCD_Driver/lcd.o" -c -o "LCD_Driver/lcd.o" "../LCD_Driver/lcd.c"
AllocationBase 0x0, BaseAddress 0x71540000, RegionSize 0x70000, State 0x10000
C:\WinAVR-20100110\utils\bin\sh.exe: *** Couldn't reserve space for cygwin's heap, Win32 error 0
make: *** [LCD_Driver/lcd.o] Error 1
"make all" terminated with exit code 2. Build might be incomplete.
??:??:?? **** Incremental Build of configuration Debug for project Section2Lab ****
make all 
Building file: ../LCD_Driver/lcd.c
Invoking: AVR Compiler
avr-gcc -Wall -g2 -gstabs -O0 -fpack-struct -fshort-enums -ffunction-sections -fdata-sections -std=gnu99 -funsigned-char -funsigned-bitfields -mmcu=atmega32 -DF_CPU=8000000UL -MMD -MP -MF"LCD_Driver/lcd.d" -MT"LCD_Driver/lcd.o" -c -o "LCD_Driver/lcd.o" "../LCD_Driver/lcd.c"
AllocationBase 0x0, BaseAddress 0x71540000, RegionSize 0x70000, State 0x10000
C:\WinAVR-20100110\utils\bin\sh.exe: *** Couldn't reserve space for cygwin's heap, Win32 error 0
make: *** [LCD_Driver/lcd.o] Error 1
"make all" terminated with exit code 2. Build might be incomplete.
??:??:?? **** Incremental Build of configuration Debug for project Section2Lab ****
make all 
Building file: ../LCD_Driver/lcd.c
Invoking: AVR Compiler
avr-gcc -Wall -g2 -gstabs -O0 -fpack-struct -fshort-enums -ffunction-sections -fdata-sections -std=gnu99 -funsigned-char -funsigned-bitfields -mmcu=atmega32 -DF_CPU=8000000UL -MMD -MP -MF"LCD_Driver/lcd.d" -MT"LCD_Driver/lcd.o" -c -o "LCD_Driver/lcd.o" "../LCD_Driver/lcd.c"
AllocationBase 0x0, BaseAddress 0x71540000, RegionSize 0x70000, State 0x10000
C:\WinAVR-20100110\utils\bin\sh.exe: *** Couldn't reserve space for cygwin's heap, Win32 error 0
make: *** [LCD_Driver/lcd.o] Error 1
"make all" terminated with exit code 2. Build might be incomplete.
??:??:?? **** Incremental Build of configuration Debug for project Section2Lab ****
make all 
Building file: ../LCD_Driver/lcd.c
Invoking: AVR Compiler
avr-gcc -Wall -g2 -gstabs -O0 -fpack-struct -fshort-enums -ffunction-sections -fdata-sections -std=gnu99 -funsigned-char -funsigned-bitfields -mmcu=atmega32 -DF_CPU=8000000UL -MMD -MP -MF"LCD_Driver/lcd.d" -MT"LCD_Driver/lcd.o" -c -o "LCD_Driver/lcd.o" "../LCD_Driver/lcd.c"
AllocationBase 0x0, BaseAddress 0x71540000, RegionSize 0x70000, State 0x10000
C:\WinAVR-20100110\utils\bin\sh.exe: *** Couldn't reserve space for cygwin's heap, Win32 error 0
make: *** [LCD_Driver/lcd.o] Error 1
"make all" terminated with exit code 2. Build might be incomplete.
??:??:?? **** Incremental Build of configuration Debug for project Section2Lab ****
make all 
Building file: ../LCD_Driver/lcd.c
Invoking: AVR Compiler
avr-gcc -Wall -g2 -gstabs -O0 -fpack-struct -fshort-enums -ffunction-sections -fdata-sections -std=gnu99 -funsigned-char -funsigned-bitfields -mmcu=atmega32 -DF_CPU=8000000UL -MMD -MP -MF"LCD_Driver/lcd.d" -MT"LCD_Driver/lcd.o" -c -o "LCD_Driver/lcd.o" "../LCD_Driver/lcd.c"
AllocationBase 0x0, BaseAddress 0x71540000, RegionSize 0x70000, State 0x10000
C:\WinAVR-20100110\utils\bin\sh.exe: *** Couldn't reserve space for cygwin's heap, Win32 error 0
make: *** [LCD_Driver/lcd.o] Error 1
"make all" terminated with exit code 2. Build might be incomplete.
??:??:?? **** Incremental Build of configuration Debug for project Section2Lab ****
make all 
Building file: ../LCD_Driver/lcd.c
Invoking: AVR Compiler
avr-gcc -Wall -g2 -gstabs -O0 -fpack-struct -fshort-enums -ffunction-sections -fdata-sections -std=gnu99 -funsigned-char -funsigned-bitfields -mmcu=atmega32 -DF_CPU=8000000UL -MMD -MP -MF"LCD_Driver/lcd.d" -MT"LCD_Driver/lcd.o" -c -o "LCD_Driver/lcd.o" "../LCD_Driver/lcd.c"
AllocationBase 0x0, BaseAddress 0x71540000, RegionSize 0x70000, State 0x10000
C:\WinAVR-20100110\utils\bin\sh.exe: *** Couldn't reserve space for cygwin's heap, Win32 error 0
make: *** [LCD_Driver/lcd.o] Error 1
"make all" terminated with exit code 2. Build might be incomplete.
??:??:?? **** Incremental Build of configuration Debug for project Section2Lab ****
make all 
Building file: ../LCD_Driver/lcd.c
Invoking: AVR Compiler
avr-gcc -Wall -g2 -gstabs -O0 -fpack-struct -fshort-enums -ffunction-sections -fdata-sections -std=gnu99 -funsigned-char -funsigned-bitfields -mmcu=atmega32 -DF_CPU=8000000UL -MMD -MP -MF"LCD_Driver/lcd.d" -MT"LCD_Driver/lcd.o" -c -o "LCD_Driver/lcd.o" "../LCD_Driver/lcd.c"
AllocationBase 0x0, BaseAddress 0x71540000, RegionSize 0x70000, State 0x10000
C:\WinAVR-20100110\utils\bin\sh.exe: *** Couldn't reserve space for cygwin's heap, Win32 error 0
make: *** [LCD_Driver/lcd.o] Error 1
"make all" terminated with exit code 2. Build might be incomplete.
??:??:?? **** Incremental Build of configuration Debug for project Section2Lab ****
make all 
Building file: ../LCD_Driver/lcd.c
Invoking: AVR Compiler
avr-gcc -Wall -g2 -gstabs -O0 -fpack-struct -fshort-enums -ffunction-sections -fdata-sections -std=gnu99 -funsigned-char -funsigned-bitfields -mmcu=atmega32 -DF_CPU=8000000UL -MMD -MP -MF"LCD_Driver/lcd.d" -MT"LCD_Driver/lcd.o" -c -o "LCD_Driver/lcd.o" "../LCD_Driver/lcd.c"
AllocationBase 0x0, BaseAddress 0x71540000, RegionSize 0x70000, State 0x10000
C:\WinAVR-20100110\utils\bin\sh.exe: *** Couldn't reserve space for cygwin's heap, Win32 error 0
make: *** [LCD_Driver/lcd.o] Error 1
"make all" terminated with exit code 2. Build might be incomplete.
??:??:?? **** Incremental Build of configuration Debug for project Section2Lab ****
make all 
Building file: ../LCD_Driver/lcd.c
Invoking: AVR Compiler
avr-gcc -Wall -g2 -gstabs -O0 -fpack-struct -fshort-enums -ffunction-sections -fdata-sections -std=gnu99 -funsigned-char -funsigned-bitfields -mmcu=atmega32 -DF_CPU=8000000UL -MMD -MP -MF"LCD_Driver/lcd.d" -MT"LCD_Driver/lcd.o" -c -o "LCD_Driver/lcd.o" "../LCD_Driver/lcd.c"
AllocationBase 0x0, BaseAddress 0x71540000, RegionSize 0x70000, State 0x10000
C:\WinAVR-20100110\utils\bin\sh.exe: *** Couldn't reserve space for cygwin's heap, Win32 error 0
make: *** [LCD_Driver/lcd.o] Error 1
"make all" terminated with exit code 2. Build might be incomplete.
??:??:?? **** Incremental Build of configuration Debug for project Section2Lab ****
make all 
Building file: ../LCD_Driver/lcd.c
Invoking: AVR Compiler
avr-gcc -Wall -g2 -gstabs -O0 -fpack-struct -fshort-enums -ffunction-sections -fdata-sections -std=gnu99 -funsigned-char -funsigned-bitfields -mmcu=atmega32 -DF_CPU=8000000UL -MMD -MP -MF"LCD_Driver/lcd.d" -MT"LCD_Driver/lcd.o" -c -o "LCD_Driver/lcd.o" "../LCD_Driver/lcd.c"
AllocationBase 0x0, BaseAddress 0x71540000, RegionSize 0x70000, State 0x10000
C:\WinAVR-20100110\utils\bin\sh.exe: *** Couldn't reserve space for cygwin's heap, Win32 error 0
make: *** [LCD_Driver/lcd.o] Error 1
"make all" terminated with exit code 2. Build might be incomplete.
??:??:?? **** Incremental Build of configuration Debug for project Section2Lab ****
make all 
Building file: ../LCD_Driver/lcd.c
Invoking: AVR Compiler
avr-gcc -Wall -g2 -gstabs -O0 -fpack-struct -fshort-enums -ffunction-sections -fdata-sections -std=gnu99 -funsigned-char -funsigned-bitfields -mmcu=atmega32 -DF_CPU=8000000UL -MMD -MP -MF"LCD_Driver/lcd.d" -MT"LCD_Driver/lcd.o" -c -o "LCD_Driver/lcd.o" "../LCD_Driver/lcd.c"
AllocationBase 0x0, BaseAddress 0x71540000, RegionSize 0x70000, State 0x10000
C:\WinAVR-20100110\utils\bin\sh.exe: *** Couldn't reserve space for cygwin's heap, Win32 error 0
make: *** [LCD_Driver/lcd.o] Error 1
"make all" terminated with exit code 2. Build might be incomplete.
??:??:?? **** Incremental Build of configuration Debug for project Section2Lab ****
make all 
Building file: ../LCD_Driver/lcd.c
Invoking: AVR Compiler
avr-gcc -Wall -g2 -gstabs -O0 -fpack-struct -fshort-enums -ffunction-sections -fdata-sections -std=gnu99 -funsigned-char -funsigned-bitfields -mmcu=atmega32 -DF_CPU=8000000UL -MMD -MP -MF"LCD_Driver/lcd.d" -MT"LCD_Driver/lcd.o" -c -o "LCD_Driver/lcd.o" "../LCD_Driver/lcd.c"
AllocationBase 0x0, BaseAddress 0x71540000, RegionSize 0x70000, State 0x10000
C:\WinAVR-20100110\utils\bin\sh.exe: *** Couldn't reserve space for cygwin's heap, Win32 error 0
make: *** [LCD_Driver/lcd.o] Error 1
"make all" terminated with exit code 2. Build might be incomplete.
??:??:?? **** Incremental Build of configuration Debug for project Section2Lab ****
make all 
Building file: ../LCD_Driver/lcd.c
Invoking: AVR Compiler
avr-gcc -Wall -g2 -gstabs -O0 -fpack-struct -fshort-enums -ffunction-sections -fdata-sections -std=gnu99 -funsigned-char -funsigned-bitfields -mmcu=atmega32 -DF_CPU=8000000UL -MMD -MP -MF"LCD_Driver/lcd.d" -MT"LCD_Driver/lcd.o" -c -o "LCD_Driver/lcd.o" "../LCD_Driver/lcd.c"
AllocationBase 0x0, BaseAddress 0x71540000, RegionSize 0x70000, State 0x10000
C:\WinAVR-20100110\utils\bin\sh.exe: *** Couldn't reserve space for cygwin's heap, Win32 error 0
make: *** [LCD_Driver/lcd.o] Error 1
"make all" terminated with exit code 2. Build might be incomplete.
??:??:?? **** Incremental Build of configuration Debug for project Section2Lab ****
make all 
Building file: ../LCD_Driver/lcd.c
Invoking: AVR Compiler
avr-gcc -Wall -g2 -gstabs -O0 -fpack-struct -fshort-enums -ffunction-sections -fdata-sections -std=gnu99 -funsigned-char -funsigned-bitfields -mmcu=atmega32 -DF_CPU=8000000UL -MMD -MP -MF"LCD_Driver/lcd.d" -MT"LCD_Driver/lcd.o" -c -o "LCD_Driver/lcd.o" "../LCD_Driver/lcd.c"
AllocationBase 0x0, BaseAddress 0x71540000, RegionSize 0x70000, State 0x10000
C:\WinAVR-20100110\utils\bin\sh.exe: *** Couldn't reserve space for cygwin's heap, Win32 error 0
make: *** [LCD_Driver/lcd.o] Error 1
"make all" terminated with exit code 2. Build might be incomplete.
??:??:?? **** Build of configuration Debug for project Section2Lab ****
make all 
Building file: ../LCD_Driver/lcd.c
Invoking: AVR Compiler
avr-gcc -Wall -g2 -gstabs -O0 -fpack-struct -fshort-enums -ffunction-sections -fdata-sections -std=gnu99 -funsigned-char -funsigned-bitfields -mmcu=atmega32 -DF_CPU=8000000UL -MMD -MP -MF"LCD_Driver/lcd.d" -MT"LCD_Driver/lcd.o" -c -o "LCD_Driver/lcd.o" "../LCD_Driver/lcd.c"
In file included from ../LCD_Driver/lcd.c:7:
../LCD_Driver/lcd.h:2:2: warning: "/*" within comment
In file included from ../LCD_Driver/lcd.c:8:
c:/winavr-20100110/lib/gcc/../../avr/include/util/delay.h:91:3: warning: #warning "Compiler optimizations disabled; functions from <util/delay.h> won't work as designed"
../LCD_Driver/lcd.c: In function 'LCD_displayString':
../LCD_Driver/lcd.c:126: warning: implicit declaration of function 'LCD_goToSpecficPosition'
../LCD_Driver/lcd.c:138: warning: pointer targets in passing argument 1 of 'LCD_displayString' differ in signedness
../LCD_Driver/lcd.c: In function 'LCD_displayNumber':
../LCD_Driver/lcd.c:150: warning: pointer targets in passing argument 2 of 'itoa' differ in signedness
../LCD_Driver/lcd.c: At top level:
../LCD_Driver/lcd.c:170: warning: conflicting types for 'LCD_goToSpecficPosition'
../LCD_Driver/lcd.c:126: warning: previous implicit declaration of 'LCD_goToSpecficPosition' was here
../LCD_Driver/lcd.c: In function 'LCD_goToSpecficPosition':
../LCD_Driver/lcd.c:175: warning: pointer targets in passing argument 1 of 'LCD_displayString' differ in signedness
Finished building: ../LCD_Driver/lcd.c
 
Building file: ../Keypad_Driver/keypad.c
Invoking: AVR Compiler
avr-gcc -Wall -g2 -gstabs -O0 -fpack-struct -fshort-enums -ffunction-sections -fdata-sections -std=gnu99 -funsigned-char -funsigned-bitfields -mmcu=atmega32 -DF_CPU=8000000UL -MMD -MP -MF"Keypad_Driver/keypad.d" -MT"Keypad_Driver/keypad.o" -c -o "Keypad_Driver/keypad.o" "../Keypad_Driver/keypad.c"
Finished building: ../Keypad_Driver/keypad.c
 
Building file: ../main.c
Invoking: AVR Compiler
avr-gcc -Wall -g2 -gstabs -O0 -fpack-struct -fshort-enums -ffunction-sections -fdata-sections -std=gnu99 -funsigned-char -funsigned-bitfields -mmcu=atmega32 -DF_CPU=8000000UL -MMD -MP -MF"main.d" -MT"main.o" -c -o "main.o" "../main.c"
In file included from ../main.c:7:
c:/winavr-20100110/lib/gcc/../../avr/include/util/delay.h:91:3: warning: #warning "Compiler optimizations disabled; functions from <util/delay.h> won't work as designed"
In file included from ../main.c:9:
../LCD_Driver/lcd.h:2:2: warning: "/*" within comment
../main.c:11:1: warning: "F_CPU" redefined
<command-line>: warning: this is the location of the previous definition
Finished building: ../main.c
 
Building target: Section2Lab.elf
Invoking: AVR C Linker
avr-gcc -Wl,-Map,Section2Lab.map -mmcu=atmega32 -o "Section2Lab.elf"  ./LCD_Driver/lcd.o  ./Keypad_Driver/keypad.o  ./main.o   
Finished building target: Section2Lab.elf
 
Invoking: AVR Create Extended Listing
avr-objdump -h -S Section2Lab.elf  >"Section2Lab.lss"
Finished building: Section2Lab.lss
 
Invoking: Print Size
avr-size --format=avr --mcu=atmega32 Section2Lab.elf
AVR Memory Usage
----------------
Device: atmega32

Program:    7960 bytes (24.3% Full)
(.text + .data + .bootloader)

Data:         58 bytes (2.8% Full)
(.data + .bss + .noinit)


Finished building: sizedummy
 
??:??:?? **** Incremental Build of configuration Debug for project Section2Lab ****
make all 
Building file: ../LCD_Driver/lcd.c
Invoking: AVR Compiler
avr-gcc -Wall -g2 -gstabs -O0 -fpack-struct -fshort-enums -ffunction-sections -fdata-sections -std=gnu99 -funsigned-char -funsigned-bitfields -mmcu=atmega32 -DF_CPU=8000000UL -MMD -MP -MF"LCD_Driver/lcd.d" -MT"LCD_Driver/lcd.o" -c -o "LCD_Driver/lcd.o" "../LCD_Driver/lcd.c"
In file included from ../LCD_Driver/lcd.c:7:
../LCD_Driver/lcd.h:2:2: warning: "/*" within comment
In file included from ../LCD_Driver/lcd.c:8:
c:/winavr-20100110/lib/gcc/../../avr/include/util/delay.h:91:3: warning: #warning "Compiler optimizations disabled; functions from <util/delay.h> won't work as designed"
../LCD_Driver/lcd.c: In function 'LCD_displayString':
../LCD_Driver/lcd.c:126: warning: implicit declaration of function 'LCD_goToSpecficPosition'
../LCD_Driver/lcd.c:138: warning: pointer targets in passing argument 1 of 'LCD_displayString' differ in signedness
../LCD_Driver/lcd.c: In function 'LCD_displayNumber':
../LCD_Driver/lcd.c:151: warning: pointer targets in passing argument 1 of 'LCD_displayString' differ in signedness
../LCD_Driver/lcd.c: At top level:
../LCD_Driver/lcd.c:170: warning: conflicting types for 'LCD_goToSpecficPosition'
../LCD_Driver/lcd.c:126: warning: previous implicit declaration of 'LCD_goToSpecficPosition' was here
../LCD_Driver/lcd.c: In function 'LCD_goToSpecficPosition':
../LCD_Driver/lcd.c:175: warning: pointer targets in passing argument 1 of 'LCD_displayString' differ in signedness
Finished building: ../LCD_Driver/lcd.c
 
Building target: Section2Lab.elf
Invoking: AVR C Linker
avr-gcc -Wl,-Map,Section2Lab.map -mmcu=atmega32 -o "Section2Lab.elf"  ./LCD_Driver/lcd.o  ./Keypad_Driver/keypad.o  ./main.o   
Finished building target: Section2Lab.elf
 
Invoking: AVR Create Extended Listing
avr-objdump -h -S Section2Lab.elf  >"Section2Lab.lss"
Finished building: Section2Lab.lss
 
Invoking: Print Size
avr-size --format=avr --mcu=atmega32 Section2Lab.elf
AVR Memory Usage
----------------
Device: atmega32

Program:    7960 bytes (24.3% Full)
(.text + .data + .bootloader)

Data:         58 bytes (2.8% Full)
(.data + .bss + .noinit)


Finished building: sizedummy
 
??:??:?? **** Incremental Build of configuration Debug for project Section2Lab ****
make all 
Building file: ../LCD_Driver/lcd.c
Invoking: AVR Compiler
avr-gcc -Wall -g2 -gstabs -O0 -fpack-struct -fshort-enums -ffunction-sections -fdata-sections -std=gnu99 -funsigned-char -funsigned-bitfields -mmcu=atmega32 -DF_CPU=8000000UL -MMD -MP -MF"LCD_Driver/lcd.d" -MT"LCD_Driver/lcd.o" -c -o "LCD_Driver/lcd.o" "../LCD_Driver/lcd.c"
In file included from ../LCD_Driver/lcd.c:7:
../LCD_Driver/lcd.h:2:2: warning: "/*" within comment
In file included from ../LCD_Driver/lcd.c:8:
c:/winavr-20100110/lib/gcc/../../avr/include/util/delay.h:91:3: warning: #warning "Compiler optimizations disabled; functions from <util/delay.h> won't work as designed"
../LCD_Driver/lcd.c:120: error: conflicting types for 'LCD_displayString'
../LCD_Driver/lcd.h:86: error: previous declaration of 'LCD_displayString' was here
../LCD_Driver/lcd.c: In function 'LCD_displayString':
../LCD_Driver/lcd.c:126: warning: implicit declaration of function 'LCD_goToSpecficPosition'
../LCD_Driver/lcd.c: At top level:
../LCD_Driver/lcd.c:170: warning: conflicting types for 'LCD_goToSpecficPosition'
../LCD_Driver/lcd.c:126: warning: previous implicit declaration of 'LCD_goToSpecficPosition' was here
make: *** [LCD_Driver/lcd.o] Error 1
"make all" terminated with exit code 2. Build might be incomplete.
??:??:?? **** Incremental Build of configuration Debug for project Section2Lab ****
make all 
Building file: ../LCD_Driver/lcd.c
Invoking: AVR Compiler
avr-gcc -Wall -g2 -gstabs -O0 -fpack-struct -fshort-enums -ffunction-sections -fdata-sections -std=gnu99 -funsigned-char -funsigned-bitfields -mmcu=atmega32 -DF_CPU=8000000UL -MMD -MP -MF"LCD_Driver/lcd.d" -MT"LCD_Driver/lcd.o" -c -o "LCD_Driver/lcd.o" "../LCD_Driver/lcd.c"
In file included from ../LCD_Driver/lcd.c:7:
../LCD_Driver/lcd.h:2:2: warning: "/*" within comment
In file included from ../LCD_Driver/lcd.c:8:
c:/winavr-20100110/lib/gcc/../../avr/include/util/delay.h:91:3: warning: #warning "Compiler optimizations disabled; functions from <util/delay.h> won't work as designed"
../LCD_Driver/lcd.c: In function 'LCD_displayString':
../LCD_Driver/lcd.c:126: warning: implicit declaration of function 'LCD_goToSpecficPosition'
../LCD_Driver/lcd.c: At top level:
../LCD_Driver/lcd.c:170: warning: conflicting types for 'LCD_goToSpecficPosition'
../LCD_Driver/lcd.c:126: warning: previous implicit declaration of 'LCD_goToSpecficPosition' was here
Finished building: ../LCD_Driver/lcd.c
 
Building file: ../main.c
Invoking: AVR Compiler
avr-gcc -Wall -g2 -gstabs -O0 -fpack-struct -fshort-enums -ffunction-sections -fdata-sections -std=gnu99 -funsigned-char -funsigned-bitfields -mmcu=atmega32 -DF_CPU=8000000UL -MMD -MP -MF"main.d" -MT"main.o" -c -o "main.o" "../main.c"
In file included from ../main.c:7:
c:/winavr-20100110/lib/gcc/../../avr/include/util/delay.h:91:3: warning: #warning "Compiler optimizations disabled; functions from <util/delay.h> won't work as designed"
In file included from ../main.c:9:
../LCD_Driver/lcd.h:2:2: warning: "/*" within comment
../main.c:11:1: warning: "F_CPU" redefined
<command-line>: warning: this is the location of the previous definition
Finished building: ../main.c
 
Building target: Section2Lab.elf
Invoking: AVR C Linker
avr-gcc -Wl,-Map,Section2Lab.map -mmcu=atmega32 -o "Section2Lab.elf"  ./LCD_Driver/lcd.o  ./Keypad_Driver/keypad.o  ./main.o   
Finished building target: Section2Lab.elf
 
Invoking: AVR Create Extended Listing
avr-objdump -h -S Section2Lab.elf  >"Section2Lab.lss"
Finished building: Section2Lab.lss
 
Invoking: Print Size
avr-size --format=avr --mcu=atmega32 Section2Lab.elf
AVR Memory Usage
----------------
Device: atmega32

Program:    7960 bytes (24.3% Full)
(.text + .data + .bootloader)

Data:         58 bytes (2.8% Full)
(.data + .bss + .noinit)


Finished building: sizedummy
 
??:??:?? **** Incremental Build of configuration Debug for project Section2Lab ****
make all 
Building file: ../LCD_Driver/lcd.c
Invoking: AVR Compiler
avr-gcc -Wall -g2 -gstabs -O0 -fpack-struct -fshort-enums -ffunction-sections -fdata-sections -std=gnu99 -funsigned-char -funsigned-bitfields -mmcu=atmega32 -DF_CPU=8000000UL -MMD -MP -MF"LCD_Driver/lcd.d" -MT"LCD_Driver/lcd.o" -c -o "LCD_Driver/lcd.o" "../LCD_Driver/lcd.c"
In file included from ../LCD_Driver/lcd.c:8:
c:/winavr-20100110/lib/gcc/../../avr/include/util/delay.h:91:3: warning: #warning "Compiler optimizations disabled; functions from <util/delay.h> won't work as designed"
../LCD_Driver/lcd.c: In function 'LCD_displayString':
../LCD_Driver/lcd.c:126: warning: implicit declaration of function 'LCD_goToSpecficPosition'
../LCD_Driver/lcd.c: At top level:
../LCD_Driver/lcd.c:170: warning: conflicting types for 'LCD_goToSpecficPosition'
../LCD_Driver/lcd.c:126: warning: previous implicit declaration of 'LCD_goToSpecficPosition' was here
Finished building: ../LCD_Driver/lcd.c
 
Building file: ../main.c
Invoking: AVR Compiler
avr-gcc -Wall -g2 -gstabs -O0 -fpack-struct -fshort-enums -ffunction-sections -fdata-sections -std=gnu99 -funsigned-char -funsigned-bitfields -mmcu=atmega32 -DF_CPU=8000000UL -MMD -MP -MF"main.d" -MT"main.o" -c -o "main.o" "../main.c"
In file included from ../main.c:7:
c:/winavr-20100110/lib/gcc/../../avr/include/util/delay.h:91:3: warning: #warning "Compiler optimizations disabled; functions from <util/delay.h> won't work as designed"
../main.c:11:1: warning: "F_CPU" redefined
<command-line>: warning: this is the location of the previous definition
Finished building: ../main.c
 
Building target: Section2Lab.elf
Invoking: AVR C Linker
avr-gcc -Wl,-Map,Section2Lab.map -mmcu=atmega32 -o "Section2Lab.elf"  ./LCD_Driver/lcd.o  ./Keypad_Driver/keypad.o  ./main.o   
Finished building target: Section2Lab.elf
 
Invoking: AVR Create Extended Listing
avr-objdump -h -S Section2Lab.elf  >"Section2Lab.lss"
Finished building: Section2Lab.lss
 
Invoking: Print Size
avr-size --format=avr --mcu=atmega32 Section2Lab.elf
AVR Memory Usage
----------------
Device: atmega32

Program:    7960 bytes (24.3% Full)
(.text + .data + .bootloader)

Data:         58 bytes (2.8% Full)
(.data + .bss + .noinit)


Finished building: sizedummy
 
??:??:?? **** Incremental Build of configuration Debug for project Section2Lab ****
make all 
Building file: ../LCD_Driver/lcd.c
Invoking: AVR Compiler
avr-gcc -Wall -g2 -gstabs -O0 -fpack-struct -fshort-enums -ffunction-sections -fdata-sections -std=gnu99 -funsigned-char -funsigned-bitfields -mmcu=atmega32 -DF_CPU=8000000UL -MMD -MP -MF"LCD_Driver/lcd.d" -MT"LCD_Driver/lcd.o" -c -o "LCD_Driver/lcd.o" "../LCD_Driver/lcd.c"
In file included from ../LCD_Driver/lcd.c:8:
c:/winavr-20100110/lib/gcc/../../avr/include/util/delay.h:91:3: warning: #warning "Compiler optimizations disabled; functions from <util/delay.h> won't work as designed"
Finished building: ../LCD_Driver/lcd.c
 
Building file: ../main.c
Invoking: AVR Compiler
avr-gcc -Wall -g2 -gstabs -O0 -fpack-struct -fshort-enums -ffunction-sections -fdata-sections -std=gnu99 -funsigned-char -funsigned-bitfields -mmcu=atmega32 -DF_CPU=8000000UL -MMD -MP -MF"main.d" -MT"main.o" -c -o "main.o" "../main.c"
In file included from ../main.c:7:
c:/winavr-20100110/lib/gcc/../../avr/include/util/delay.h:91:3: warning: #warning "Compiler optimizations disabled; functions from <util/delay.h> won't work as designed"
../main.c:11:1: warning: "F_CPU" redefined
<command-line>: warning: this is the location of the previous definition
Finished building: ../main.c
 
Building target: Section2Lab.elf
Invoking: AVR C Linker
avr-gcc -Wl,-Map,Section2Lab.map -mmcu=atmega32 -o "Section2Lab.elf"  ./LCD_Driver/lcd.o  ./Keypad_Driver/keypad.o  ./main.o   
Finished building target: Section2Lab.elf
 
Invoking: AVR Create Extended Listing
avr-objdump -h -S Section2Lab.elf  >"Section2Lab.lss"
Finished building: Section2Lab.lss
 
Invoking: Print Size
avr-size --format=avr --mcu=atmega32 Section2Lab.elf
AVR Memory Usage
----------------
Device: atmega32

Program:    7956 bytes (24.3% Full)
(.text + .data + .bootloader)

Data:         58 bytes (2.8% Full)
(.data + .bss + .noinit)


Finished building: sizedummy
 
??:??:?? **** Incremental Build of configuration Debug for project Section2Lab ****
make all 
Invoking: Print Size
avr-size --format=avr --mcu=atmega32 Section2Lab.elf
AVR Memory Usage
----------------
Device: atmega32

Program:    7956 bytes (24.3% Full)
(.text + .data + .bootloader)

Data:         58 bytes (2.8% Full)
(.data + .bss + .noinit)


Finished building: sizedummy
 
